**********************
Windows PowerShell トランスクリプト開始
開始時刻: 20221122155326
ユーザー名: JBS\kitamurat
RunAs ユーザー: JBS\kitamurat
構成名: 
コンピューター: W1051663N211 (Microsoft Windows NT 10.0.19042.0)
ホスト アプリケーション: C:\Windows\System32\WindowsPowerShell\v1.0\powershell.exe
プロセス ID: 10208
PSVersion: 5.1.19041.1682
PSEdition: Desktop
PSCompatibleVersions: 1.0, 2.0, 3.0, 4.0, 5.0, 5.1.19041.1682
BuildVersion: 10.0.19041.1682
CLRVersion: 4.0.30319.42000
WSManStackVersion: 3.0
PSRemotingProtocolVersion: 2.3
SerializationVersion: 1.1.0.1
**********************
トランスクリプトが開始されました。出力ファイル: .\log\2022-11-22_1553.log
 Subscription:
CP-CP2Dept (b0da899c-406c-4ebc-b7d5-0f9286d42d1e) - cc7dee35-16af-4e40-a4d4-2619d7c0024f - kitamurat@jbs.com
|
|
|
| - - - - - - - - - - - - - -
|  VirtualNetwork
| - - - - - - - - - - - - - -
.\csv\nw_parameter.csv

vNet_name vNet_resourceGroup location  range
--------- ------------------ --------  -----
vnetweb01 rg0102             japaneast 192.168.0.0/24
vnetweb01 rg0102             japaneast 192.168.0.0/24
vnetweb01 rg0102             japaneast 192.168.0.0/24


|
情報: Loaded Module 'Az.MSGraph'
| RESOURCEGROUP [ rg0102 ] deploying...
| RESOURCEGROUP_ID:
| /subscriptions/b0da899c-406c-4ebc-b7d5-0f9286d42d1e/resourceGroups/rg0102
|
| -- Azure_Virtual_Network [ vnetweb01 ] --
|
| VNET [ vnetweb01 ] deploying...
|
| VNET_ID:
| /subscriptions/b0da899c-406c-4ebc-b7d5-0f9286d42d1e/resourceGroups/rg0102/providers/Microsoft.Network/virtualNetworks/vnetweb01
|
|
|
|
